<?xml version="1.0" encoding="UTF-8"?>
<!-- Generated by org.testng.reporters.JUnitReportReporter -->
<testsuite hostname="DESKTOP-9J8SNU6" failures="0" tests="1" name="simplemaven.mavenproject.Multilplewindowstabs" time="9.479" errors="0" timestamp="2025-01-04T13:25:41 IST" skipped="0">
  <testcase classname="simplemaven.mavenproject.Multilplewindowstabs" name="windows" time="9.479"/>
</testsuite> <!-- simplemaven.mavenproject.Multilplewindowstabs -->
