<?xml version="1.0" encoding="UTF-8"?>
<!-- Generated by org.testng.reporters.JUnitReportReporter -->
<testsuite hostname="DESKTOP-9J8SNU6" failures="0" tests="1" name="simplemaven.mavenproject.Newwebsite" time="6.077" errors="0" timestamp="2025-01-04T11:35:05 IST" skipped="0">
  <testcase classname="simplemaven.mavenproject.Newwebsite" name="page" time="6.077"/>
</testsuite> <!-- simplemaven.mavenproject.Newwebsite -->
