<?xml version="1.0" encoding="UTF-8"?>
<!-- Generated by org.testng.reporters.JUnitReportReporter -->
<testsuite hostname="DESKTOP-9J8SNU6" failures="0" tests="1" name="simplemaven.mavenproject.Register" time="90.971" errors="0" timestamp="2025-01-20T17:34:03 IST" skipped="0">
  <testcase classname="simplemaven.mavenproject.Register" name="Register" time="90.971"/>
</testsuite> <!-- simplemaven.mavenproject.Register -->
