<?xml version="1.0" encoding="UTF-8"?>
<!-- Generated by org.testng.reporters.JUnitReportReporter -->
<testsuite hostname="DESKTOP-9J8SNU6" failures="0" tests="3" name="simplemaven.mavenproject.Signuppage" time="14.469" errors="0" timestamp="2025-01-03T18:11:12 IST" skipped="0">
  <testcase classname="simplemaven.mavenproject.Signuppage" name="setup" time="4.284"/>
  <testcase classname="simplemaven.mavenproject.Signuppage" name="testproductdetails" time="0.420"/>
  <testcase classname="simplemaven.mavenproject.Signuppage" name="utilisedetails" time="9.765"/>
</testsuite> <!-- simplemaven.mavenproject.Signuppage -->
