<?xml version="1.0" encoding="UTF-8"?>
<!-- Generated by org.testng.reporters.JUnitReportReporter -->
<testsuite hostname="DESKTOP-9J8SNU6" failures="0" tests="2" name="simplemaven.mavenproject.Signuppage" time="5.978" errors="0" timestamp="2025-01-29T17:50:18 IST" skipped="0">
  <testcase classname="simplemaven.mavenproject.Signuppage" name="loginData" time="3.838"/>
  <testcase classname="simplemaven.mavenproject.Signuppage" name="loginData" time="2.140"/>
</testsuite> <!-- simplemaven.mavenproject.Signuppage -->
