<?xml version="1.0" encoding="UTF-8"?>
<!-- Generated by org.testng.reporters.JUnitReportReporter -->
<testsuite hostname="DESKTOP-9J8SNU6" failures="0" tests="1" name="simplemaven.mavenproject.Register" time="41.077" errors="0" timestamp="2025-01-29T17:29:55 IST" skipped="0">
  <testcase classname="simplemaven.mavenproject.Register" name="Register" time="41.077"/>
</testsuite> <!-- simplemaven.mavenproject.Register -->
