<?xml version="1.0" encoding="UTF-8"?>
<!-- Generated by org.testng.reporters.JUnitReportReporter -->
<testsuite hostname="DESKTOP-9J8SNU6" failures="0" tests="2" name="Tests.Signuptest" time="0.996" errors="0" timestamp="2025-01-31T18:15:02 IST" skipped="1">
  <testcase classname="Tests.Signuptest" name="login" time="0.996"/>
  <system-out/>
  <testcase classname="Tests.Signuptest" name="signUp">
    <skipped/>
  </testcase> <!-- signUp -->
  <system-out/>
</testsuite> <!-- Tests.Signuptest -->
