<?xml version="1.0" encoding="UTF-8"?>
<!-- Generated by org.testng.reporters.JUnitReportReporter -->
<testsuite hostname="DESKTOP-9J8SNU6" failures="0" tests="1" name="simplemaven.mavenproject.hiddenElement" time="80.086" errors="0" timestamp="2025-01-31T11:38:22 IST" skipped="0">
  <testcase classname="simplemaven.mavenproject.hiddenElement" name="hidden" time="80.086"/>
</testsuite> <!-- simplemaven.mavenproject.hiddenElement -->
