<?xml version="1.0" encoding="UTF-8"?>
<!-- Generated by org.testng.reporters.JUnitReportReporter -->
<testsuite hostname="DESKTOP-9J8SNU6" failures="0" tests="1" name="simplemaven.mavenproject.webTable" time="13.233" errors="0" timestamp="2025-01-31T12:33:45 IST" skipped="0">
  <testcase classname="simplemaven.mavenproject.webTable" name="process" time="13.233"/>
</testsuite> <!-- simplemaven.mavenproject.webTable -->
