<?xml version="1.0" encoding="UTF-8"?>
<!-- Generated by org.testng.reporters.JUnitReportReporter -->
<testsuite hostname="DESKTOP-9J8SNU6" failures="0" tests="1" name="simplemaven.mavenproject.fileUpload" time="32.492" errors="0" timestamp="2025-01-29T11:28:17 IST" skipped="0">
  <testcase classname="simplemaven.mavenproject.fileUpload" name="fileupload" time="32.492"/>
</testsuite> <!-- simplemaven.mavenproject.fileUpload -->
