<?xml version="1.0" encoding="UTF-8"?>
<!-- Generated by org.testng.reporters.JUnitReportReporter -->
<testsuite hostname="DESKTOP-9J8SNU6" failures="0" tests="1" name="simplemaven.mavenproject.Signuppage" time="3.954" errors="0" timestamp="2025-01-30T09:58:50 IST" skipped="0">
  <testcase classname="simplemaven.mavenproject.Signuppage" name="setup" time="3.954"/>
</testsuite> <!-- simplemaven.mavenproject.Signuppage -->
